Model: 1 | Copy_number: 0
Max_output: 17
Accuracy: 0.9412
Precision: 0.8735
Recall: 0.8819
F1 Score: 0.8752
Confusion Matrix:
31 0 0 0 0 0 0 0 0 0 0 0 1 0 0 0
1 7 0 0 0 0 0 0 0 0 0 0 0 0 0 0
0 0 6 0 0 0 0 0 0 0 0 0 0 0 0 0
0 0 0 45 0 0 0 0 0 0 1 0 0 0 0 0
0 0 0 0 2 0 0 0 0 0 0 0 0 0 0 0
1 0 0 0 0 17 0 0 0 0 0 1 0 0 0 0
0 0 0 0 0 0 4 0 0 0 0 0 0 0 0 0
0 0 0 0 0 0 0 10 0 0 0 0 0 0 0 0
0 0 0 0 0 0 0 0 6 1 0 0 0 0 0 0
0 1 0 0 0 0 0 0 0 12 0 0 0 0 0 0
0 0 0 0 0 0 0 0 0 0 0 0 0 0 0 0
0 0 0 0 0 0 0 0 0 0 0 3 1 0 0 0
0 0 0 0 0 0 0 0 0 0 0 0 7 0 0 0
0 0 0 0 0 0 0 0 0 0 0 0 0 5 0 0
0 0 0 0 0 0 0 0 0 2 0 0 0 1 19 0
0 0 0 0 0 0 0 0 0 0 0 0 0 0 0 2

//////////////////////////////////////////////////////////////////////////////////////////////

