Model: 5 | Copy_number: 0
Max_output: 33
Accuracy: 0.6842
Precision: 0.1895
Recall: 0.2222
F1 Score: 0.2031
Confusion Matrix:
12 0 0 0 0 0 0 0 0
1 0 0 0 0 0 0 0 0
0 0 0 0 0 0 0 0 0
0 0 1 0 0 0 0 0 0
1 0 0 0 0 0 0 0 0
1 0 0 0 0 0 0 0 0
0 0 0 0 0 0 1 0 0
1 0 0 0 0 0 0 0 0
1 0 0 0 0 0 0 0 0

//////////////////////////////////////////////////////////////////////////////////////////////

Model: 5 | Copy_number: 1
Max_output: 33
Accuracy: 0.7895
Precision: 0.4508
Recall: 0.5000
F1 Score: 0.4683
Confusion Matrix:
10 0 0 0 0 0 0 0 0 0 0 0
0 0 0 0 0 0 0 0 0 0 0 0
0 0 1 0 0 0 0 0 0 0 0 0
0 0 0 1 0 0 0 0 0 0 0 0
0 0 0 0 1 0 0 0 0 0 0 0
0 0 0 0 1 0 0 0 0 0 0 0
0 0 0 0 0 0 0 0 0 0 0 0
0 0 0 0 0 0 0 1 0 0 0 0
0 0 0 0 0 0 0 0 1 0 0 0
0 1 0 0 0 0 0 0 0 0 0 0
0 0 0 0 0 0 1 0 0 0 0 0
1 0 0 0 0 0 0 0 0 0 0 0

//////////////////////////////////////////////////////////////////////////////////////////////

Model: 5 | Copy_number: 2
Max_output: 33
Accuracy: 0.4211
Precision: 0.1468
Recall: 0.2500
F1 Score: 0.1750
Confusion Matrix:
6 0 0 0 0 0 0 0 0 0 0 0
0 0 0 1 0 0 0 0 0 0 0 0
3 0 0 0 0 0 0 0 0 0 0 0
0 0 0 1 0 0 0 0 0 0 0 0
0 0 0 0 0 0 0 0 0 0 0 0
1 0 0 0 0 0 0 0 0 0 0 0
1 0 0 0 0 0 0 0 0 0 0 0
2 0 0 0 0 0 0 0 0 0 0 0
0 0 0 0 0 0 0 0 1 0 0 0
0 0 0 1 0 0 0 0 0 0 0 0
1 0 0 0 0 0 0 0 0 0 0 0
0 0 0 0 1 0 0 0 0 0 0 0

//////////////////////////////////////////////////////////////////////////////////////////////

Model: 5 | Copy_number: 3
Max_output: 33
Accuracy: 0.6842
Precision: 0.3333
Recall: 0.3000
F1 Score: 0.3111
Confusion Matrix:
9 0 0 0 0 0 0 0 0 0 0 0 0 0 0
0 0 1 0 0 0 0 0 0 0 0 1 0 0 0
0 0 0 0 0 0 0 0 0 0 0 0 0 0 0
0 0 0 1 0 0 0 0 0 0 0 0 0 0 0
0 0 0 0 0 0 0 0 0 0 0 0 0 0 0
0 0 0 0 0 0 0 0 0 0 0 0 0 0 0
0 0 0 0 0 0 1 0 0 0 0 0 0 0 0
0 0 0 0 0 0 0 0 0 0 0 0 0 0 0
0 0 0 0 0 1 0 0 0 0 0 0 0 0 0
0 0 0 0 0 0 0 1 0 0 0 0 0 0 0
0 0 0 0 1 0 0 0 0 0 1 0 0 0 0
0 0 0 0 0 0 0 0 0 0 0 0 0 0 0
0 0 0 0 0 0 0 0 0 0 0 0 1 0 0
0 0 0 0 0 0 0 0 0 0 0 0 0 0 1
0 0 0 0 0 0 0 0 0 0 0 0 0 0 0

//////////////////////////////////////////////////////////////////////////////////////////////

Model: 5 | Copy_number: 4
Max_output: 33
Accuracy: 0.6842
Precision: 0.2769
Recall: 0.3000
F1 Score: 0.2870
Confusion Matrix:
10 0 0 0 0 0 0 0 0 0
1 0 0 0 0 0 0 0 0 0
0 0 2 0 0 0 0 0 0 0
0 0 0 0 1 0 0 0 0 0
0 0 0 0 0 0 0 0 0 0
0 0 0 0 0 0 1 0 0 0
1 0 0 0 0 0 0 0 0 0
0 0 0 0 0 0 0 1 0 0
1 0 0 0 0 0 0 0 0 0
0 0 0 0 0 0 1 0 0 0

//////////////////////////////////////////////////////////////////////////////////////////////

