Model: 4 | Copy_number: 0
Max_output: 8
Accuracy: 1.0000
Precision: 1.0000
Recall: 1.0000
F1 Score: 1.0000
Confusion Matrix:
18 0
0 1

//////////////////////////////////////////////////////////////////////////////////////////////

Model: 4 | Copy_number: 1
Max_output: 8
Accuracy: 1.0000
Precision: 1.0000
Recall: 1.0000
F1 Score: 1.0000
Confusion Matrix:
18 0
0 1

//////////////////////////////////////////////////////////////////////////////////////////////

Model: 4 | Copy_number: 2
Max_output: 8
Accuracy: 1.0000
Precision: 1.0000
Recall: 1.0000
F1 Score: 1.0000
Confusion Matrix:
18 0
0 1

//////////////////////////////////////////////////////////////////////////////////////////////

Model: 4 | Copy_number: 3
Max_output: 8
Accuracy: 1.0000
Precision: 1.0000
Recall: 1.0000
F1 Score: 1.0000
Confusion Matrix:
17 0
0 2

//////////////////////////////////////////////////////////////////////////////////////////////

Model: 4 | Copy_number: 4
Max_output: 8
Accuracy: 0.9474
Precision: 0.4737
Recall: 0.5000
F1 Score: 0.4865
Confusion Matrix:
18 0
1 0

//////////////////////////////////////////////////////////////////////////////////////////////

