Model: 3 | Copy_number: 0
Max_output: 13
Accuracy: 0.9679
Precision: 0.1936
Recall: 0.2000
F1 Score: 0.1967
Confusion Matrix:
181 0 0 0 0
2 0 0 0 0
1 0 0 0 0
1 0 0 0 0
2 0 0 0 0

//////////////////////////////////////////////////////////////////////////////////////////////

Model: 3 | Copy_number: 1
Max_output: 13
Accuracy: 0.9679
Precision: 0.1936
Recall: 0.2000
F1 Score: 0.1967
Confusion Matrix:
181 0 0 0 0
2 0 0 0 0
1 0 0 0 0
1 0 0 0 0
2 0 0 0 0

//////////////////////////////////////////////////////////////////////////////////////////////

Model: 3 | Copy_number: 2
Max_output: 13
Accuracy: 0.9679
Precision: 0.1936
Recall: 0.2000
F1 Score: 0.1967
Confusion Matrix:
181 0 0 0 0
2 0 0 0 0
1 0 0 0 0
1 0 0 0 0
2 0 0 0 0

//////////////////////////////////////////////////////////////////////////////////////////////

Model: 3 | Copy_number: 3
Max_output: 13
Accuracy: 0.9679
Precision: 0.1936
Recall: 0.2000
F1 Score: 0.1967
Confusion Matrix:
181 0 0 0 0
2 0 0 0 0
1 0 0 0 0
1 0 0 0 0
2 0 0 0 0

//////////////////////////////////////////////////////////////////////////////////////////////

Model: 3 | Copy_number: 4
Max_output: 13
Accuracy: 0.9679
Precision: 0.1936
Recall: 0.2000
F1 Score: 0.1967
Confusion Matrix:
181 0 0 0 0
2 0 0 0 0
1 0 0 0 0
1 0 0 0 0
2 0 0 0 0

//////////////////////////////////////////////////////////////////////////////////////////////

