Model: 0 | Copy_number: 0
Max_output: 10
Accuracy: 1.0000
Precision: 1.0000
Recall: 1.0000
F1 Score: 1.0000
Confusion Matrix:
14 0
0 5

//////////////////////////////////////////////////////////////////////////////////////////////

Model: 0 | Copy_number: 1
Max_output: 10
Accuracy: 0.9474
Precision: 0.7188
Recall: 0.7500
F1 Score: 0.7333
Confusion Matrix:
9 0 0 0
0 7 0 0
0 1 0 0
0 0 0 2

//////////////////////////////////////////////////////////////////////////////////////////////

Model: 0 | Copy_number: 2
Max_output: 10
Accuracy: 0.8421
Precision: 0.4792
Recall: 0.5000
F1 Score: 0.4889
Confusion Matrix:
14 0 0 0 0 0
1 0 1 0 0 0
0 0 0 0 0 0
0 0 0 1 0 0
1 0 0 0 0 0
0 0 0 0 0 1

//////////////////////////////////////////////////////////////////////////////////////////////

Model: 0 | Copy_number: 3
Max_output: 10
Accuracy: 0.8947
Precision: 0.5500
Recall: 0.5833
F1 Score: 0.5627
Confusion Matrix:
11 0 1 0 0
0 0 0 0 0
0 0 3 0 0
0 0 0 3 0
0 1 0 0 0

//////////////////////////////////////////////////////////////////////////////////////////////

Model: 0 | Copy_number: 4
Max_output: 10
Accuracy: 0.7895
Precision: 0.4300
Recall: 0.5318
F1 Score: 0.4548
Confusion Matrix:
10 1 0 0 0
0 3 1 0 0
0 0 2 0 0
0 0 1 0 0
0 0 1 0 0

//////////////////////////////////////////////////////////////////////////////////////////////

