Model: 7 | Copy_number: 0
Max_output: 11
Accuracy: 1.0000
Precision: 1.0000
Recall: 1.0000
F1 Score: 1.0000
Confusion Matrix:
19

//////////////////////////////////////////////////////////////////////////////////////////////

Model: 7 | Copy_number: 1
Max_output: 11
Accuracy: 0.8947
Precision: 0.2000
Recall: 0.2000
F1 Score: 0.2000
Confusion Matrix:
17 0 0 0 0
0 0 0 1 0
0 0 0 0 0
0 0 0 0 0
0 0 1 0 0

//////////////////////////////////////////////////////////////////////////////////////////////

Model: 7 | Copy_number: 2
Max_output: 11
Accuracy: 1.0000
Precision: 1.0000
Recall: 1.0000
F1 Score: 1.0000
Confusion Matrix:
18 0
0 1

//////////////////////////////////////////////////////////////////////////////////////////////

Model: 7 | Copy_number: 3
Max_output: 11
Accuracy: 1.0000
Precision: 1.0000
Recall: 1.0000
F1 Score: 1.0000
Confusion Matrix:
19

//////////////////////////////////////////////////////////////////////////////////////////////

Model: 7 | Copy_number: 4
Max_output: 11
Accuracy: 0.9474
Precision: 0.6481
Recall: 0.6667
F1 Score: 0.6571
Confusion Matrix:
17 0 0
1 0 0
0 0 1

//////////////////////////////////////////////////////////////////////////////////////////////

