Model: 8 | Copy_number: 0
Max_output: 10
Accuracy: 0.8947
Precision: 0.2982
Recall: 0.3333
F1 Score: 0.3148
Confusion Matrix:
17 0 0
1 0 0
1 0 0

//////////////////////////////////////////////////////////////////////////////////////////////

Model: 8 | Copy_number: 1
Max_output: 10
Accuracy: 0.9474
Precision: 0.4737
Recall: 0.5000
F1 Score: 0.4865
Confusion Matrix:
18 0
1 0

//////////////////////////////////////////////////////////////////////////////////////////////

Model: 8 | Copy_number: 2
Max_output: 10
Accuracy: 1.0000
Precision: 1.0000
Recall: 1.0000
F1 Score: 1.0000
Confusion Matrix:
19

//////////////////////////////////////////////////////////////////////////////////////////////

Model: 8 | Copy_number: 3
Max_output: 10
Accuracy: 1.0000
Precision: 1.0000
Recall: 1.0000
F1 Score: 1.0000
Confusion Matrix:
19

//////////////////////////////////////////////////////////////////////////////////////////////

Model: 8 | Copy_number: 4
Max_output: 10
Accuracy: 0.7895
Precision: 0.1974
Recall: 0.2500
F1 Score: 0.2206
Confusion Matrix:
15 0 0 0
2 0 0 0
1 0 0 0
1 0 0 0

//////////////////////////////////////////////////////////////////////////////////////////////

