Model: 9 | Copy_number: 0
Max_output: 5
Accuracy: 1.0000
Precision: 1.0000
Recall: 1.0000
F1 Score: 1.0000
Confusion Matrix:
19

//////////////////////////////////////////////////////////////////////////////////////////////

Model: 9 | Copy_number: 1
Max_output: 5
Accuracy: 1.0000
Precision: 1.0000
Recall: 1.0000
F1 Score: 1.0000
Confusion Matrix:
19

//////////////////////////////////////////////////////////////////////////////////////////////

Model: 9 | Copy_number: 2
Max_output: 5
Accuracy: 1.0000
Precision: 1.0000
Recall: 1.0000
F1 Score: 1.0000
Confusion Matrix:
19

//////////////////////////////////////////////////////////////////////////////////////////////

Model: 9 | Copy_number: 3
Max_output: 5
Accuracy: 1.0000
Precision: 1.0000
Recall: 1.0000
F1 Score: 1.0000
Confusion Matrix:
19

//////////////////////////////////////////////////////////////////////////////////////////////

Model: 9 | Copy_number: 4
Max_output: 5
Accuracy: 1.0000
Precision: 1.0000
Recall: 1.0000
F1 Score: 1.0000
Confusion Matrix:
19

//////////////////////////////////////////////////////////////////////////////////////////////

